0 info it worked if it ends with ok
1 verbose cli [ '/usr/local/Cellar/node/5.6.0/bin/node',
1 verbose cli   '/usr/local/bin/npm',
1 verbose cli   'run',
1 verbose cli   'dev' ]
2 info using npm@2.15.1
3 info using node@v5.6.0
4 verbose stack Error: ENOENT: no such file or directory, open '/Users/lucasbonomi/Sites/projets/Family.scss/package.json'
4 verbose stack     at Error (native)
5 verbose cwd /Users/lucasbonomi/Sites/projets/Family.scss
6 error Darwin 15.4.0
7 error argv "/usr/local/Cellar/node/5.6.0/bin/node" "/usr/local/bin/npm" "run" "dev"
8 error node v5.6.0
9 error npm  v2.15.1
10 error path /Users/lucasbonomi/Sites/projets/Family.scss/package.json
11 error code ENOENT
12 error errno -2
13 error syscall open
14 error enoent ENOENT: no such file or directory, open '/Users/lucasbonomi/Sites/projets/Family.scss/package.json'
14 error enoent This is most likely not a problem with npm itself
14 error enoent and is related to npm not being able to find a file.
15 verbose exit [ -2, true ]
